Started GET "/" for ::1 at 2026-04-15 17:43:22 +0500
Processing by PortfolioController#index as */*
  Rendering layout layouts/application.html.erb
  Rendering portfolio/index.html.erb within layouts/application
  Rendered portfolio/index.html.erb within layouts/application (Duration: 0.6ms | GC: 0.0ms)
  Rendered layout layouts/application.html.erb (Duration: 17.0ms | GC: 0.0ms)
Completed 200 OK in 226ms (Views: 45.1ms | ActiveRecord: 0.0ms (0 queries, 0 cached) | GC: 0.0ms)


Started GET "/" for ::1 at 2026-04-15 17:45:53 +0500
Processing by PortfolioController#index as HTML
  Rendering layout layouts/application.html.erb
  Rendering portfolio/index.html.erb within layouts/application
  Rendered portfolio/index.html.erb within layouts/application (Duration: 0.1ms | GC: 0.0ms)
  Rendered layout layouts/application.html.erb (Duration: 1.0ms | GC: 0.0ms)
Completed 200 OK in 9ms (Views: 1.6ms | ActiveRecord: 0.0ms (0 queries, 0 cached) | GC: 0.0ms)


Started GET "/icon.svg" for ::1 at 2026-04-15 17:45:53 +0500
  
ActionController::RoutingError (No route matches [GET] "/icon.svg"):
  
Started GET "/icon.png" for ::1 at 2026-04-15 17:45:54 +0500
  
ActionController::RoutingError (No route matches [GET] "/icon.png"):
  
Started GET "/" for 127.0.0.1 at 2026-04-15 18:09:27 +0500
Processing by PortfolioController#index as HTML
  Rendering layout layouts/application.html.erb
  Rendering portfolio/index.html.erb within layouts/application
  Rendered portfolio/index.html.erb within layouts/application (Duration: 0.1ms | GC: 0.0ms)
  Rendered layout layouts/application.html.erb (Duration: 1.4ms | GC: 0.0ms)
Completed 200 OK in 11ms (Views: 2.4ms | ActiveRecord: 0.0ms (0 queries, 0 cached) | GC: 0.0ms)


Started GET "/icon.svg" for 127.0.0.1 at 2026-04-15 18:09:27 +0500
  
ActionController::RoutingError (No route matches [GET] "/icon.svg"):
  
Started GET "/icon.png" for 127.0.0.1 at 2026-04-15 18:09:27 +0500
  
ActionController::RoutingError (No route matches [GET] "/icon.png"):
  
  [1m[35m (6.8ms)[0m  [1m[35mCREATE TABLE "schema_migrations" ("version" varchar NOT NULL PRIMARY KEY)[0m
  [1m[35m (0.2ms)[0m  [1m[35mCREATE TABLE "ar_internal_metadata" ("key" varchar NOT NULL PRIMARY KEY, "value" varchar, "created_at" datetime(6) NOT NULL, "updated_at" datetime(6) NOT NULL)[0m
  [1m[36mActiveRecord::SchemaMigration Load (0.2ms)[0m  [1m[34mSELECT "schema_migrations"."version" FROM "schema_migrations" ORDER BY "schema_migrations"."version" ASC[0m
Started GET "/" for 127.0.0.1 at 2026-04-15 18:33:01 +0500
Processing by PortfolioController#index as HTML
  Rendering layout layouts/application.html.erb
  Rendering portfolio/index.html.erb within layouts/application
  Rendered portfolio/index.html.erb within layouts/application (Duration: 1.7ms | GC: 0.0ms)
  Rendered layout layouts/application.html.erb (Duration: 129.1ms | GC: 0.0ms)
Completed 200 OK in 414ms (Views: 182.5ms | ActiveRecord: 0.0ms (0 queries, 0 cached) | GC: 0.0ms)


Started GET "/icon.svg" for 127.0.0.1 at 2026-04-15 18:33:02 +0500
  
ActionController::RoutingError (No route matches [GET] "/icon.svg"):
  
Started GET "/" for ::1 at 2026-04-15 18:33:03 +0500
Processing by PortfolioController#index as HTML
  Rendering layout layouts/application.html.erb
  Rendering portfolio/index.html.erb within layouts/application
  Rendered portfolio/index.html.erb within layouts/application (Duration: 0.1ms | GC: 0.0ms)
  Rendered layout layouts/application.html.erb (Duration: 4.5ms | GC: 0.0ms)
Completed 200 OK in 38ms (Views: 13.2ms | ActiveRecord: 0.0ms (0 queries, 0 cached) | GC: 0.0ms)


Started GET "/icon.png" for 127.0.0.1 at 2026-04-15 18:33:03 +0500
  
ActionController::RoutingError (No route matches [GET] "/icon.png"):
  
Started GET "/icon.svg" for ::1 at 2026-04-15 18:33:05 +0500
  
ActionController::RoutingError (No route matches [GET] "/icon.svg"):
  
Started GET "/icon.png" for ::1 at 2026-04-15 18:33:06 +0500
  
ActionController::RoutingError (No route matches [GET] "/icon.png"):
  
Started GET "/" for 127.0.0.1 at 2026-04-15 18:34:02 +0500
Processing by PortfolioController#index as HTML
  Rendering layout layouts/application.html.erb
  Rendering portfolio/index.html.erb within layouts/application
  Rendered portfolio/index.html.erb within layouts/application (Duration: 0.1ms | GC: 0.0ms)
  Rendered layout layouts/application.html.erb (Duration: 1.9ms | GC: 0.0ms)
Completed 200 OK in 9ms (Views: 3.3ms | ActiveRecord: 0.0ms (0 queries, 0 cached) | GC: 0.0ms)


Started GET "/icon.svg" for 127.0.0.1 at 2026-04-15 18:34:02 +0500
  
ActionController::RoutingError (No route matches [GET] "/icon.svg"):
  
Started GET "/icon.png" for 127.0.0.1 at 2026-04-15 18:34:02 +0500
  
ActionController::RoutingError (No route matches [GET] "/icon.png"):
  
Started HEAD "/" for 127.0.0.1 at 2026-04-15 18:39:14 +0500
Processing by PortfolioController#index as HTML
  Rendering layout layouts/application.html.erb
  Rendering portfolio/index.html.erb within layouts/application
  Rendered portfolio/index.html.erb within layouts/application (Duration: 0.1ms | GC: 0.0ms)
  Rendered layout layouts/application.html.erb (Duration: 2.4ms | GC: 0.0ms)
Completed 200 OK in 10ms (Views: 4.0ms | ActiveRecord: 0.0ms (0 queries, 0 cached) | GC: 0.0ms)


Started GET "/" for 127.0.0.1 at 2026-04-15 18:39:14 +0500
Processing by PortfolioController#index as HTML
  Rendering layout layouts/application.html.erb
  Rendering portfolio/index.html.erb within layouts/application
  Rendered portfolio/index.html.erb within layouts/application (Duration: 0.1ms | GC: 0.0ms)
  Rendered layout layouts/application.html.erb (Duration: 1.9ms | GC: 0.0ms)
Completed 200 OK in 10ms (Views: 4.9ms | ActiveRecord: 0.0ms (0 queries, 0 cached) | GC: 0.0ms)


Started GET "/" for 127.0.0.1 at 2026-04-15 18:39:36 +0500
Processing by PortfolioController#index as HTML
  Rendering layout layouts/application.html.erb
  Rendering portfolio/index.html.erb within layouts/application
  Rendered portfolio/index.html.erb within layouts/application (Duration: 0.0ms | GC: 0.0ms)
  Rendered layout layouts/application.html.erb (Duration: 1.7ms | GC: 0.0ms)
Completed 200 OK in 7ms (Views: 2.6ms | ActiveRecord: 0.0ms (0 queries, 0 cached) | GC: 0.0ms)


Started GET "/" for 127.0.0.1 at 2026-04-15 18:51:36 +0500
Processing by PortfolioController#index as */*
  Rendering layout layouts/application.html.erb
  Rendering portfolio/index.html.erb within layouts/application
  Rendered portfolio/index.html.erb within layouts/application (Duration: 0.1ms | GC: 0.0ms)
  Rendered layout layouts/application.html.erb (Duration: 1.4ms | GC: 0.0ms)
Completed 200 OK in 9ms (Views: 2.3ms | ActiveRecord: 0.0ms (0 queries, 0 cached) | GC: 0.0ms)


Started GET "/" for 127.0.0.1 at 2026-04-15 18:53:43 +0500
Processing by PortfolioController#index as HTML
  Rendering layout layouts/application.html.erb
  Rendering portfolio/index.html.erb within layouts/application
  Rendered portfolio/index.html.erb within layouts/application (Duration: 0.5ms | GC: 0.0ms)
  Rendered layout layouts/application.html.erb (Duration: 39.6ms | GC: 0.0ms)
Completed 200 OK in 124ms (Views: 55.6ms | ActiveRecord: 0.0ms (0 queries, 0 cached) | GC: 0.0ms)


Started GET "/" for 127.0.0.1 at 2026-04-15 18:58:08 +0500
Processing by PortfolioController#index as */*
  Rendering layout layouts/application.html.erb
  Rendering portfolio/index.html.erb within layouts/application
  Rendered portfolio/index.html.erb within layouts/application (Duration: 0.6ms | GC: 0.0ms)
  Rendered layout layouts/application.html.erb (Duration: 4.5ms | GC: 0.0ms)
Completed 200 OK in 19ms (Views: 11.8ms | ActiveRecord: 0.0ms (0 queries, 0 cached) | GC: 0.0ms)


Started GET "/" for 127.0.0.1 at 2026-04-15 18:58:53 +0500
Processing by PortfolioController#index as HTML
  Rendering layout layouts/application.html.erb
  Rendering portfolio/index.html.erb within layouts/application
  Rendered portfolio/index.html.erb within layouts/application (Duration: 0.3ms | GC: 0.0ms)
  Rendered layout layouts/application.html.erb (Duration: 2.0ms | GC: 0.0ms)
Completed 200 OK in 10ms (Views: 2.9ms | ActiveRecord: 0.0ms (0 queries, 0 cached) | GC: 0.0ms)


Started GET "/" for 127.0.0.1 at 2026-04-15 18:58:54 +0500
Processing by PortfolioController#index as HTML
  Rendering layout layouts/application.html.erb
  Rendering portfolio/index.html.erb within layouts/application
  Rendered portfolio/index.html.erb within layouts/application (Duration: 0.0ms | GC: 0.0ms)
  Rendered layout layouts/application.html.erb (Duration: 1.2ms | GC: 0.0ms)
Completed 200 OK in 7ms (Views: 2.0ms | ActiveRecord: 0.0ms (0 queries, 0 cached) | GC: 0.0ms)


Started GET "/" for 127.0.0.1 at 2026-04-15 18:58:54 +0500
Processing by PortfolioController#index as HTML
  Rendering layout layouts/application.html.erb
  Rendering portfolio/index.html.erb within layouts/application
  Rendered portfolio/index.html.erb within layouts/application (Duration: 0.0ms | GC: 0.0ms)
  Rendered layout layouts/application.html.erb (Duration: 1.3ms | GC: 0.0ms)
Completed 200 OK in 7ms (Views: 2.1ms | ActiveRecord: 0.0ms (0 queries, 0 cached) | GC: 0.0ms)


Started GET "/" for 127.0.0.1 at 2026-04-15 18:58:55 +0500
Processing by PortfolioController#index as HTML
  Rendering layout layouts/application.html.erb
  Rendering portfolio/index.html.erb within layouts/application
  Rendered portfolio/index.html.erb within layouts/application (Duration: 0.0ms | GC: 0.0ms)
  Rendered layout layouts/application.html.erb (Duration: 1.2ms | GC: 0.0ms)
Completed 200 OK in 9ms (Views: 2.8ms | ActiveRecord: 0.0ms (0 queries, 0 cached) | GC: 0.0ms)


Started GET "/" for 127.0.0.1 at 2026-04-15 18:59:46 +0500
Processing by PortfolioController#index as */*
  Rendering layout layouts/application.html.erb
  Rendering portfolio/index.html.erb within layouts/application
  Rendered portfolio/index.html.erb within layouts/application (Duration: 0.0ms | GC: 0.0ms)
  Rendered layout layouts/application.html.erb (Duration: 1.1ms | GC: 0.0ms)
Completed 200 OK in 8ms (Views: 2.0ms | ActiveRecord: 0.0ms (0 queries, 0 cached) | GC: 0.0ms)


Started GET "/" for 127.0.0.1 at 2026-04-15 19:01:10 +0500
Processing by PortfolioController#index as HTML
  Rendering layout layouts/application.html.erb
  Rendering portfolio/index.html.erb within layouts/application
  Rendered portfolio/index.html.erb within layouts/application (Duration: 0.1ms | GC: 0.0ms)
  Rendered layout layouts/application.html.erb (Duration: 1.9ms | GC: 0.0ms)
Completed 200 OK in 16ms (Views: 3.0ms | ActiveRecord: 0.0ms (0 queries, 0 cached) | GC: 0.0ms)


Started GET "/.well-known/appspecific/com.chrome.devtools.json" for 127.0.0.1 at 2026-04-15 19:01:23 +0500
  
ActionController::RoutingError (No route matches [GET] "/.well-known/appspecific/com.chrome.devtools.json"):
  
Started GET "/" for 127.0.0.1 at 2026-04-15 19:05:08 +0500
Processing by PortfolioController#index as HTML
  Rendering layout layouts/application.html.erb
  Rendering portfolio/index.html.erb within layouts/application
  Rendered portfolio/index.html.erb within layouts/application (Duration: 0.2ms | GC: 0.0ms)
  Rendered layout layouts/application.html.erb (Duration: 2.1ms | GC: 0.0ms)
Completed 200 OK in 10ms (Views: 3.5ms | ActiveRecord: 0.0ms (0 queries, 0 cached) | GC: 0.0ms)


Started GET "/" for 127.0.0.1 at 2026-04-15 19:05:11 +0500
Processing by PortfolioController#index as HTML
  Rendering layout layouts/application.html.erb
  Rendering portfolio/index.html.erb within layouts/application
  Rendered portfolio/index.html.erb within layouts/application (Duration: 0.0ms | GC: 0.0ms)
  Rendered layout layouts/application.html.erb (Duration: 2.1ms | GC: 0.0ms)
Completed 200 OK in 10ms (Views: 3.6ms | ActiveRecord: 0.0ms (0 queries, 0 cached) | GC: 0.0ms)


Started GET "/.well-known/appspecific/com.chrome.devtools.json" for 127.0.0.1 at 2026-04-15 19:06:29 +0500
  
ActionController::RoutingError (No route matches [GET] "/.well-known/appspecific/com.chrome.devtools.json"):
  
Started GET "/" for 127.0.0.1 at 2026-04-15 19:38:35 +0500
Processing by PortfolioController#index as HTML
  Rendering layout layouts/application.html.erb
  Rendering portfolio/index.html.erb within layouts/application
  Rendered portfolio/index.html.erb within layouts/application (Duration: 1.2ms | GC: 0.0ms)
  Rendered layout layouts/application.html.erb (Duration: 4.5ms | GC: 0.0ms)
Completed 200 OK in 11ms (Views: 5.8ms | ActiveRecord: 0.0ms (0 queries, 0 cached) | GC: 0.0ms)


Started GET "/" for ::1 at 2026-04-15 19:42:49 +0500
Processing by PortfolioController#index as HTML
  Rendering layout layouts/application.html.erb
  Rendering portfolio/index.html.erb within layouts/application
  Rendered portfolio/index.html.erb within layouts/application (Duration: 0.5ms | GC: 0.0ms)
  Rendered layout layouts/application.html.erb (Duration: 39.8ms | GC: 0.0ms)
Completed 200 OK in 127ms (Views: 57.3ms | ActiveRecord: 0.0ms (0 queries, 0 cached) | GC: 0.0ms)


Started GET "/icon.svg" for ::1 at 2026-04-15 19:42:50 +0500
  
ActionController::RoutingError (No route matches [GET] "/icon.svg"):
  
Started GET "/icon.png" for ::1 at 2026-04-15 19:42:50 +0500
  
ActionController::RoutingError (No route matches [GET] "/icon.png"):
  
Started GET "/" for 127.0.0.1 at 2026-04-15 19:42:56 +0500
Processing by PortfolioController#index as HTML
  Rendering layout layouts/application.html.erb
  Rendering portfolio/index.html.erb within layouts/application
  Rendered portfolio/index.html.erb within layouts/application (Duration: 0.1ms | GC: 0.0ms)
  Rendered layout layouts/application.html.erb (Duration: 16.6ms | GC: 0.0ms)
Completed 200 OK in 41ms (Views: 29.1ms | ActiveRecord: 0.0ms (0 queries, 0 cached) | GC: 0.0ms)


Started GET "/" for 127.0.0.1 at 2026-04-16 11:50:43 +0500
Processing by PortfolioController#index as HTML
  Rendering layout layouts/application.html.erb
  Rendering portfolio/index.html.erb within layouts/application
  Rendered portfolio/index.html.erb within layouts/application (Duration: 1.0ms | GC: 0.0ms)
  Rendered layout layouts/application.html.erb (Duration: 32.9ms | GC: 0.2ms)
Completed 200 OK in 128ms (Views: 50.0ms | ActiveRecord: 0.0ms (0 queries, 0 cached) | GC: 0.2ms)


Started GET "/icon.svg" for 127.0.0.1 at 2026-04-16 11:50:44 +0500
  
ActionController::RoutingError (No route matches [GET] "/icon.svg"):
  
Started GET "/icon.png" for 127.0.0.1 at 2026-04-16 11:50:45 +0500
  
ActionController::RoutingError (No route matches [GET] "/icon.png"):
  
Started GET "/" for 127.0.0.1 at 2026-04-16 11:51:18 +0500
Processing by PortfolioController#index as HTML
  Rendering layout layouts/application.html.erb
  Rendering portfolio/index.html.erb within layouts/application
  Rendered portfolio/index.html.erb within layouts/application (Duration: 0.0ms | GC: 0.0ms)
  Rendered layout layouts/application.html.erb (Duration: 1.1ms | GC: 0.0ms)
Completed 200 OK in 11ms (Views: 1.8ms | ActiveRecord: 0.0ms (0 queries, 0 cached) | GC: 0.0ms)


Started HEAD "/" for 127.0.0.1 at 2026-04-16 11:52:16 +0500
Processing by PortfolioController#index as HTML
  Rendering layout layouts/application.html.erb
  Rendering portfolio/index.html.erb within layouts/application
  Rendered portfolio/index.html.erb within layouts/application (Duration: 0.0ms | GC: 0.0ms)
  Rendered layout layouts/application.html.erb (Duration: 1.1ms | GC: 0.0ms)
Completed 200 OK in 12ms (Views: 1.7ms | ActiveRecord: 0.0ms (0 queries, 0 cached) | GC: 0.0ms)


Started GET "/" for 127.0.0.1 at 2026-04-16 11:52:16 +0500
Processing by PortfolioController#index as HTML
  Rendering layout layouts/application.html.erb
  Rendering portfolio/index.html.erb within layouts/application
  Rendered portfolio/index.html.erb within layouts/application (Duration: 0.1ms | GC: 0.0ms)
  Rendered layout layouts/application.html.erb (Duration: 0.9ms | GC: 0.0ms)
Completed 200 OK in 7ms (Views: 1.4ms | ActiveRecord: 0.0ms (0 queries, 0 cached) | GC: 0.0ms)


Started GET "/" for 127.0.0.1 at 2026-04-16 11:57:30 +0500
Processing by PortfolioController#index as HTML
  Rendering layout layouts/application.html.erb
  Rendering portfolio/index.html.erb within layouts/application
  Rendered portfolio/index.html.erb within layouts/application (Duration: 0.6ms | GC: 0.0ms)
  Rendered layout layouts/application.html.erb (Duration: 7.0ms | GC: 0.0ms)
Completed 200 OK in 24ms (Views: 14.8ms | ActiveRecord: 0.0ms (0 queries, 0 cached) | GC: 0.0ms)


Started GET "/" for 127.0.0.1 at 2026-04-16 12:06:33 +0500
Processing by PortfolioController#index as HTML
  Rendering layout layouts/application.html.erb
  Rendering portfolio/index.html.erb within layouts/application
  Rendered portfolio/index.html.erb within layouts/application (Duration: 0.6ms | GC: 0.0ms)
  Rendered layout layouts/application.html.erb (Duration: 4.1ms | GC: 0.0ms)
Completed 200 OK in 22ms (Views: 11.5ms | ActiveRecord: 0.0ms (0 queries, 0 cached) | GC: 0.0ms)


Started GET "/" for 127.0.0.1 at 2026-04-16 12:12:24 +0500
Processing by PortfolioController#index as HTML
  Rendering layout layouts/application.html.erb
  Rendering portfolio/index.html.erb within layouts/application
  Rendered portfolio/index.html.erb within layouts/application (Duration: 0.6ms | GC: 0.0ms)
  Rendered layout layouts/application.html.erb (Duration: 2.5ms | GC: 0.0ms)
Completed 200 OK in 19ms (Views: 12.5ms | ActiveRecord: 0.0ms (0 queries, 0 cached) | GC: 0.0ms)


Started GET "/poster.jpg" for 127.0.0.1 at 2026-04-16 12:12:24 +0500
Started GET "/background.mp4" for 127.0.0.1 at 2026-04-16 12:12:24 +0500
  
ActionController::RoutingError (No route matches [GET] "/background.mp4"):
  
  
ActionController::RoutingError (No route matches [GET] "/poster.jpg"):
  
Started GET "/" for 127.0.0.1 at 2026-04-16 12:12:54 +0500
Processing by PortfolioController#index as HTML
  Rendering layout layouts/application.html.erb
  Rendering portfolio/index.html.erb within layouts/application
  Rendered portfolio/index.html.erb within layouts/application (Duration: 0.0ms | GC: 0.0ms)
  Rendered layout layouts/application.html.erb (Duration: 3.8ms | GC: 0.0ms)
Completed 200 OK in 11ms (Views: 4.4ms | ActiveRecord: 0.0ms (0 queries, 0 cached) | GC: 0.0ms)


Started GET "/poster.jpg" for 127.0.0.1 at 2026-04-16 12:12:54 +0500
Started GET "/background.mp4" for 127.0.0.1 at 2026-04-16 12:12:54 +0500
  
ActionController::RoutingError (No route matches [GET] "/poster.jpg"):
  
  
ActionController::RoutingError (No route matches [GET] "/background.mp4"):
  
Started GET "/" for 127.0.0.1 at 2026-04-16 12:13:17 +0500
Processing by PortfolioController#index as HTML
  Rendering layout layouts/application.html.erb
  Rendering portfolio/index.html.erb within layouts/application
  Rendered portfolio/index.html.erb within layouts/application (Duration: 0.0ms | GC: 0.0ms)
  Rendered layout layouts/application.html.erb (Duration: 1.0ms | GC: 0.0ms)
Completed 200 OK in 7ms (Views: 1.6ms | ActiveRecord: 0.0ms (0 queries, 0 cached) | GC: 0.0ms)


Started GET "/poster.jpg" for 127.0.0.1 at 2026-04-16 12:13:17 +0500
Started GET "/background.mp4" for 127.0.0.1 at 2026-04-16 12:13:17 +0500
  
ActionController::RoutingError (No route matches [GET] "/poster.jpg"):
  
  
ActionController::RoutingError (No route matches [GET] "/background.mp4"):
  
Started GET "/" for 127.0.0.1 at 2026-04-16 12:13:18 +0500
Processing by PortfolioController#index as HTML
  Rendering layout layouts/application.html.erb
  Rendering portfolio/index.html.erb within layouts/application
  Rendered portfolio/index.html.erb within layouts/application (Duration: 0.0ms | GC: 0.0ms)
  Rendered layout layouts/application.html.erb (Duration: 1.0ms | GC: 0.0ms)
Completed 200 OK in 11ms (Views: 1.6ms | ActiveRecord: 0.0ms (0 queries, 0 cached) | GC: 0.0ms)


Started GET "/background.mp4" for 127.0.0.1 at 2026-04-16 12:13:18 +0500
Started GET "/poster.jpg" for 127.0.0.1 at 2026-04-16 12:13:18 +0500
  
ActionController::RoutingError (No route matches [GET] "/background.mp4"):
  
  
ActionController::RoutingError (No route matches [GET] "/poster.jpg"):
  
Started GET "/" for 127.0.0.1 at 2026-04-16 12:13:20 +0500
Processing by PortfolioController#index as HTML
  Rendering layout layouts/application.html.erb
  Rendering portfolio/index.html.erb within layouts/application
  Rendered portfolio/index.html.erb within layouts/application (Duration: 0.0ms | GC: 0.0ms)
  Rendered layout layouts/application.html.erb (Duration: 0.9ms | GC: 0.0ms)
Completed 200 OK in 10ms (Views: 1.6ms | ActiveRecord: 0.0ms (0 queries, 0 cached) | GC: 0.0ms)


Started GET "/poster.jpg" for 127.0.0.1 at 2026-04-16 12:13:20 +0500
Started GET "/background.mp4" for 127.0.0.1 at 2026-04-16 12:13:20 +0500
  
ActionController::RoutingError (No route matches [GET] "/poster.jpg"):
  
  
ActionController::RoutingError (No route matches [GET] "/background.mp4"):
  
Started GET "/" for 127.0.0.1 at 2026-04-16 12:13:20 +0500
Processing by PortfolioController#index as HTML
  Rendering layout layouts/application.html.erb
  Rendering portfolio/index.html.erb within layouts/application
  Rendered portfolio/index.html.erb within layouts/application (Duration: 0.0ms | GC: 0.0ms)
  Rendered layout layouts/application.html.erb (Duration: 0.9ms | GC: 0.0ms)
Completed 200 OK in 8ms (Views: 2.6ms | ActiveRecord: 0.0ms (0 queries, 0 cached) | GC: 0.0ms)


Started GET "/background.mp4" for 127.0.0.1 at 2026-04-16 12:13:20 +0500
Started GET "/poster.jpg" for 127.0.0.1 at 2026-04-16 12:13:20 +0500
  
ActionController::RoutingError (No route matches [GET] "/background.mp4"):
  
  
ActionController::RoutingError (No route matches [GET] "/poster.jpg"):
  
Started GET "/" for 127.0.0.1 at 2026-04-16 12:13:21 +0500
Processing by PortfolioController#index as HTML
  Rendering layout layouts/application.html.erb
  Rendering portfolio/index.html.erb within layouts/application
  Rendered portfolio/index.html.erb within layouts/application (Duration: 0.0ms | GC: 0.0ms)
  Rendered layout layouts/application.html.erb (Duration: 1.0ms | GC: 0.0ms)
Completed 200 OK in 11ms (Views: 2.1ms | ActiveRecord: 0.0ms (0 queries, 0 cached) | GC: 0.0ms)


Started GET "/poster.jpg" for 127.0.0.1 at 2026-04-16 12:13:21 +0500
Started GET "/background.mp4" for 127.0.0.1 at 2026-04-16 12:13:21 +0500
  
ActionController::RoutingError (No route matches [GET] "/poster.jpg"):
  
  
ActionController::RoutingError (No route matches [GET] "/background.mp4"):
  
Started GET "/" for 127.0.0.1 at 2026-04-16 12:17:47 +0500
Processing by PortfolioController#index as HTML
  Rendering layout layouts/application.html.erb
  Rendering portfolio/index.html.erb within layouts/application
  Rendered portfolio/index.html.erb within layouts/application (Duration: 0.2ms | GC: 0.0ms)
  Rendered layout layouts/application.html.erb (Duration: 1.7ms | GC: 0.0ms)
Completed 200 OK in 10ms (Views: 2.3ms | ActiveRecord: 0.0ms (0 queries, 0 cached) | GC: 0.0ms)


Started GET "/poster.jpg" for 127.0.0.1 at 2026-04-16 12:17:47 +0500
  
ActionController::RoutingError (No route matches [GET] "/poster.jpg"):
  
Started GET "/" for 127.0.0.1 at 2026-04-16 12:49:47 +0500
Processing by PortfolioController#index as HTML
  Rendering layout layouts/application.html.erb
  Rendering portfolio/index.html.erb within layouts/application
  Rendered portfolio/index.html.erb within layouts/application (Duration: 0.1ms | GC: 0.0ms)
  Rendered layout layouts/application.html.erb (Duration: 2.3ms | GC: 0.0ms)
Completed 200 OK in 13ms (Views: 3.2ms | ActiveRecord: 0.0ms (0 queries, 0 cached) | GC: 0.0ms)


Started GET "/poster.jpg" for 127.0.0.1 at 2026-04-16 12:49:47 +0500
  
ActionController::RoutingError (No route matches [GET] "/poster.jpg"):
  
Started GET "/" for 127.0.0.1 at 2026-04-16 12:52:46 +0500
Processing by PortfolioController#index as HTML
  Rendering layout layouts/application.html.erb
  Rendering portfolio/index.html.erb within layouts/application
  Rendered portfolio/index.html.erb within layouts/application (Duration: 0.0ms | GC: 0.0ms)
  Rendered layout layouts/application.html.erb (Duration: 6.3ms | GC: 0.0ms)
Completed 200 OK in 20ms (Views: 7.0ms | ActiveRecord: 0.0ms (0 queries, 0 cached) | GC: 0.0ms)


Started GET "/poster.jpg" for 127.0.0.1 at 2026-04-16 12:52:46 +0500
  
ActionController::RoutingError (No route matches [GET] "/poster.jpg"):
  
Started GET "/" for 127.0.0.1 at 2026-04-16 13:55:52 +0500
Processing by PortfolioController#index as HTML
  Rendering layout layouts/application.html.erb
  Rendering portfolio/index.html.erb within layouts/application
  Rendered portfolio/index.html.erb within layouts/application (Duration: 4.6ms | GC: 0.0ms)
  Rendered layout layouts/application.html.erb (Duration: 36.0ms | GC: 0.0ms)
Completed 200 OK in 139ms (Views: 84.3ms | ActiveRecord: 0.0ms (0 queries, 0 cached) | GC: 0.0ms)


Started GET "/poster.jpg" for 127.0.0.1 at 2026-04-16 13:55:53 +0500
  
ActionController::RoutingError (No route matches [GET] "/poster.jpg"):
  
Started GET "/" for 127.0.0.1 at 2026-04-16 14:00:48 +0500
Processing by PortfolioController#index as HTML
  Rendering layout layouts/application.html.erb
  Rendering portfolio/index.html.erb within layouts/application
  Rendered portfolio/index.html.erb within layouts/application (Duration: 3.5ms | GC: 0.0ms)
  Rendered layout layouts/application.html.erb (Duration: 11.8ms | GC: 0.0ms)
Completed 200 OK in 69ms (Views: 39.3ms | ActiveRecord: 0.0ms (0 queries, 0 cached) | GC: 0.0ms)


Started GET "/poster.jpg" for 127.0.0.1 at 2026-04-16 14:00:49 +0500
  
ActionController::RoutingError (No route matches [GET] "/poster.jpg"):
  
Started GET "/" for 127.0.0.1 at 2026-04-16 14:03:28 +0500
Processing by PortfolioController#index as HTML
  Rendering layout layouts/application.html.erb
  Rendering portfolio/index.html.erb within layouts/application
  Rendered portfolio/index.html.erb within layouts/application (Duration: 0.1ms | GC: 0.0ms)
  Rendered layout layouts/application.html.erb (Duration: 14.9ms | GC: 0.0ms)
Completed 200 OK in 43ms (Views: 17.5ms | ActiveRecord: 0.0ms (0 queries, 0 cached) | GC: 0.0ms)


Started GET "/poster.jpg" for 127.0.0.1 at 2026-04-16 14:03:28 +0500
  
ActionController::RoutingError (No route matches [GET] "/poster.jpg"):
  
Started GET "/" for 127.0.0.1 at 2026-04-16 14:15:48 +0500
Processing by PortfolioController#index as HTML
  Rendering layout layouts/application.html.erb
  Rendering portfolio/index.html.erb within layouts/application
  Rendered portfolio/index.html.erb within layouts/application (Duration: 1.2ms | GC: 0.0ms)
  Rendered layout layouts/application.html.erb (Duration: 8.1ms | GC: 0.0ms)
Completed 200 OK in 47ms (Views: 31.9ms | ActiveRecord: 0.0ms (0 queries, 0 cached) | GC: 0.0ms)


Started GET "/poster.jpg" for 127.0.0.1 at 2026-04-16 14:15:48 +0500
  
ActionController::RoutingError (No route matches [GET] "/poster.jpg"):
  
Started GET "/.well-known/appspecific/com.chrome.devtools.json" for 127.0.0.1 at 2026-04-16 14:16:42 +0500
  
ActionController::RoutingError (No route matches [GET] "/.well-known/appspecific/com.chrome.devtools.json"):
  
Started GET "/" for 127.0.0.1 at 2026-04-16 14:26:15 +0500
Processing by PortfolioController#index as HTML
  Rendering layout layouts/application.html.erb
  Rendering portfolio/index.html.erb within layouts/application
  Rendered portfolio/index.html.erb within layouts/application (Duration: 1.5ms | GC: 0.0ms)
  Rendered layout layouts/application.html.erb (Duration: 12.3ms | GC: 0.0ms)
Completed 200 OK in 58ms (Views: 34.7ms | ActiveRecord: 0.0ms (0 queries, 0 cached) | GC: 0.0ms)


Started GET "/.well-known/appspecific/com.chrome.devtools.json" for 127.0.0.1 at 2026-04-16 14:26:15 +0500
Started GET "/poster.jpg" for 127.0.0.1 at 2026-04-16 14:26:15 +0500
  
ActionController::RoutingError (No route matches [GET] "/.well-known/appspecific/com.chrome.devtools.json"):
  
  
ActionController::RoutingError (No route matches [GET] "/poster.jpg"):
  
Started GET "/" for 127.0.0.1 at 2026-04-16 15:09:16 +0500
Processing by PortfolioController#index as HTML
  Rendering layout layouts/application.html.erb
  Rendering portfolio/index.html.erb within layouts/application
  Rendered portfolio/index.html.erb within layouts/application (Duration: 1.5ms | GC: 0.0ms)
  Rendered layout layouts/application.html.erb (Duration: 53.9ms | GC: 0.0ms)
Completed 200 OK in 294ms (Views: 77.2ms | ActiveRecord: 0.0ms (0 queries, 0 cached) | GC: 0.0ms)


Started GET "/poster.jpg" for 127.0.0.1 at 2026-04-16 15:09:17 +0500
  
ActionController::RoutingError (No route matches [GET] "/poster.jpg"):
  
Started GET "/" for ::1 at 2026-04-16 15:20:28 +0500
Processing by PortfolioController#index as HTML
  Rendering layout layouts/application.html.erb
  Rendering portfolio/index.html.erb within layouts/application
  Rendered portfolio/index.html.erb within layouts/application (Duration: 9.9ms | GC: 0.0ms)
  Rendered layout layouts/application.html.erb (Duration: 106.1ms | GC: 0.0ms)
Completed 200 OK in 268ms (Views: 139.1ms | ActiveRecord: 0.0ms (0 queries, 0 cached) | GC: 0.0ms)


Started GET "/poster.jpg" for ::1 at 2026-04-16 15:20:29 +0500
  
ActionController::RoutingError (No route matches [GET] "/poster.jpg"):
  
Started GET "/icon.svg" for ::1 at 2026-04-16 15:20:31 +0500
  
ActionController::RoutingError (No route matches [GET] "/icon.svg"):
  
Started GET "/icon.png" for ::1 at 2026-04-16 15:20:31 +0500
  
ActionController::RoutingError (No route matches [GET] "/icon.png"):
  
Started GET "/" for ::1 at 2026-04-16 15:30:28 +0500
Processing by PortfolioController#index as HTML
  Rendering layout layouts/application.html.erb
  Rendering portfolio/index.html.erb within layouts/application
  Rendered portfolio/index.html.erb within layouts/application (Duration: 0.1ms | GC: 0.0ms)
  Rendered layout layouts/application.html.erb (Duration: 8.6ms | GC: 0.0ms)
Completed 200 OK in 21ms (Views: 11.8ms | ActiveRecord: 0.0ms (0 queries, 0 cached) | GC: 0.0ms)


Started GET "/poster.jpg" for ::1 at 2026-04-16 15:30:28 +0500
  
ActionController::RoutingError (No route matches [GET] "/poster.jpg"):
  
Started GET "/" for ::1 at 2026-04-16 15:57:47 +0500
Processing by PortfolioController#index as HTML
  Rendering layout layouts/application.html.erb
  Rendering portfolio/index.html.erb within layouts/application
  Rendered portfolio/index.html.erb within layouts/application (Duration: 0.9ms | GC: 0.0ms)
  Rendered layout layouts/application.html.erb (Duration: 5.4ms | GC: 0.0ms)
Completed 200 OK in 26ms (Views: 17.1ms | ActiveRecord: 0.0ms (0 queries, 0 cached) | GC: 0.0ms)


Started GET "/poster.jpg" for ::1 at 2026-04-16 15:57:47 +0500
  
ActionController::RoutingError (No route matches [GET] "/poster.jpg"):
  
Started GET "/.well-known/appspecific/com.chrome.devtools.json" for ::1 at 2026-04-16 16:09:36 +0500
  
ActionController::RoutingError (No route matches [GET] "/.well-known/appspecific/com.chrome.devtools.json"):
  
Started GET "/" for ::1 at 2026-04-16 16:17:41 +0500
Processing by PortfolioController#index as HTML
  Rendering layout layouts/application.html.erb
  Rendering portfolio/index.html.erb within layouts/application
  Rendered portfolio/index.html.erb within layouts/application (Duration: 1.4ms | GC: 0.0ms)
  Rendered layout layouts/application.html.erb (Duration: 9.0ms | GC: 0.0ms)
Completed 200 OK in 53ms (Views: 32.4ms | ActiveRecord: 0.0ms (0 queries, 0 cached) | GC: 0.0ms)


Started GET "/poster.jpg" for ::1 at 2026-04-16 16:17:41 +0500
  
ActionController::RoutingError (No route matches [GET] "/poster.jpg"):
  
Started GET "/" for ::1 at 2026-04-16 16:22:42 +0500
Processing by PortfolioController#index as HTML
  Rendering layout layouts/application.html.erb
  Rendering portfolio/index.html.erb within layouts/application
  Rendered portfolio/index.html.erb within layouts/application (Duration: 2.2ms | GC: 0.0ms)
  Rendered layout layouts/application.html.erb (Duration: 12.5ms | GC: 0.0ms)
Completed 200 OK in 55ms (Views: 35.0ms | ActiveRecord: 0.0ms (0 queries, 0 cached) | GC: 0.0ms)


Started GET "/poster.jpg" for ::1 at 2026-04-16 16:22:43 +0500
  
ActionController::RoutingError (No route matches [GET] "/poster.jpg"):
  
Started GET "/" for ::1 at 2026-04-16 16:37:55 +0500
Processing by PortfolioController#index as HTML
  Rendering layout layouts/application.html.erb
  Rendering portfolio/index.html.erb within layouts/application
  Rendered portfolio/index.html.erb within layouts/application (Duration: 3.8ms | GC: 0.0ms)
  Rendered layout layouts/application.html.erb (Duration: 13.3ms | GC: 0.0ms)
Completed 200 OK in 50ms (Views: 30.2ms | ActiveRecord: 0.0ms (0 queries, 0 cached) | GC: 0.0ms)


Started GET "/poster.jpg" for ::1 at 2026-04-16 16:37:56 +0500
  
ActionController::RoutingError (No route matches [GET] "/poster.jpg"):
  
Started GET "/" for ::1 at 2026-04-16 16:43:52 +0500
Processing by PortfolioController#index as HTML
  Rendering layout layouts/application.html.erb
  Rendering portfolio/index.html.erb within layouts/application
  Rendered portfolio/index.html.erb within layouts/application (Duration: 2.2ms | GC: 0.0ms)
  Rendered layout layouts/application.html.erb (Duration: 15.1ms | GC: 0.0ms)
Completed 200 OK in 61ms (Views: 45.1ms | ActiveRecord: 0.0ms (0 queries, 0 cached) | GC: 0.0ms)


Started GET "/poster.jpg" for ::1 at 2026-04-16 16:43:52 +0500
  
ActionController::RoutingError (No route matches [GET] "/poster.jpg"):
  
Started GET "/.well-known/appspecific/com.chrome.devtools.json" for ::1 at 2026-04-16 16:44:13 +0500
  
ActionController::RoutingError (No route matches [GET] "/.well-known/appspecific/com.chrome.devtools.json"):
  
Started GET "/.well-known/appspecific/com.chrome.devtools.json" for ::1 at 2026-04-16 16:46:25 +0500
  
ActionController::RoutingError (No route matches [GET] "/.well-known/appspecific/com.chrome.devtools.json"):
  
  [1m[36mActiveRecord::SchemaMigration Load (0.3ms)[0m  [1m[34mSELECT "schema_migrations"."version" FROM "schema_migrations" ORDER BY "schema_migrations"."version" ASC[0m
Started GET "/" for ::1 at 2026-04-16 16:54:22 +0500
Processing by PortfolioController#index as HTML
  Rendering layout layouts/application.html.erb
  Rendering portfolio/index.html.erb within layouts/application
  Rendered portfolio/index.html.erb within layouts/application (Duration: 2.8ms | GC: 0.2ms)
  Rendered layout layouts/application.html.erb (Duration: 57.7ms | GC: 0.2ms)
Completed 200 OK in 173ms (Views: 85.8ms | ActiveRecord: 0.0ms (0 queries, 0 cached) | GC: 0.2ms)


Started GET "/poster.jpg" for ::1 at 2026-04-16 16:54:22 +0500
  
ActionController::RoutingError (No route matches [GET] "/poster.jpg"):
  
Started GET "/" for ::1 at 2026-04-16 16:54:28 +0500
Processing by PortfolioController#index as HTML
  Rendering layout layouts/application.html.erb
  Rendering portfolio/index.html.erb within layouts/application
  Rendered portfolio/index.html.erb within layouts/application (Duration: 0.2ms | GC: 0.0ms)
  Rendered layout layouts/application.html.erb (Duration: 26.1ms | GC: 0.0ms)
Completed 200 OK in 75ms (Views: 44.5ms | ActiveRecord: 0.0ms (0 queries, 0 cached) | GC: 0.0ms)


Started GET "/poster.jpg" for ::1 at 2026-04-16 16:54:28 +0500
  
ActionController::RoutingError (No route matches [GET] "/poster.jpg"):
  
Started GET "/.well-known/appspecific/com.chrome.devtools.json" for ::1 at 2026-04-16 16:54:33 +0500
  
ActionController::RoutingError (No route matches [GET] "/.well-known/appspecific/com.chrome.devtools.json"):
  
Started GET "/" for ::1 at 2026-04-16 16:56:25 +0500
Processing by PortfolioController#index as HTML
  Rendering layout layouts/application.html.erb
  Rendering portfolio/index.html.erb within layouts/application
  Rendered portfolio/index.html.erb within layouts/application (Duration: 1.9ms | GC: 0.0ms)
  Rendered layout layouts/application.html.erb (Duration: 5.8ms | GC: 0.0ms)
Completed 200 OK in 49ms (Views: 25.9ms | ActiveRecord: 0.0ms (0 queries, 0 cached) | GC: 0.0ms)


Started GET "/.well-known/appspecific/com.chrome.devtools.json" for ::1 at 2026-04-16 16:56:26 +0500
Started GET "/poster.jpg" for ::1 at 2026-04-16 16:56:26 +0500
  
ActionController::RoutingError (No route matches [GET] "/.well-known/appspecific/com.chrome.devtools.json"):
  
  
ActionController::RoutingError (No route matches [GET] "/poster.jpg"):
  
Started GET "/" for ::1 at 2026-04-16 17:12:59 +0500
Processing by PortfolioController#index as HTML
  Rendering layout layouts/application.html.erb
  Rendering portfolio/index.html.erb within layouts/application
  Rendered portfolio/index.html.erb within layouts/application (Duration: 0.1ms | GC: 0.0ms)
  Rendered layout layouts/application.html.erb (Duration: 8.6ms | GC: 0.0ms)
Completed 200 OK in 23ms (Views: 11.4ms | ActiveRecord: 0.0ms (0 queries, 0 cached) | GC: 0.0ms)


Started GET "/poster.jpg" for ::1 at 2026-04-16 17:13:00 +0500
  
ActionController::RoutingError (No route matches [GET] "/poster.jpg"):
  
Started GET "/" for ::1 at 2026-04-16 17:14:50 +0500
Processing by PortfolioController#index as HTML
  Rendering layout layouts/application.html.erb
  Rendering portfolio/index.html.erb within layouts/application
  Rendered portfolio/index.html.erb within layouts/application (Duration: 0.2ms | GC: 0.0ms)
  Rendered layout layouts/application.html.erb (Duration: 8.9ms | GC: 0.0ms)
Completed 200 OK in 27ms (Views: 10.5ms | ActiveRecord: 0.0ms (0 queries, 0 cached) | GC: 0.0ms)


Started GET "/poster.jpg" for ::1 at 2026-04-16 17:14:50 +0500
  
ActionController::RoutingError (No route matches [GET] "/poster.jpg"):
  
Started GET "/" for ::1 at 2026-04-16 17:24:42 +0500
Processing by PortfolioController#index as HTML
  Rendering layout layouts/application.html.erb
  Rendering portfolio/index.html.erb within layouts/application
  Rendered portfolio/index.html.erb within layouts/application (Duration: 0.7ms | GC: 0.0ms)
  Rendered layout layouts/application.html.erb (Duration: 21.2ms | GC: 0.0ms)
Completed 200 OK in 46ms (Views: 27.1ms | ActiveRecord: 0.0ms (0 queries, 0 cached) | GC: 0.0ms)


Started GET "/poster.jpg" for ::1 at 2026-04-16 17:24:42 +0500
  
ActionController::RoutingError (No route matches [GET] "/poster.jpg"):
  
Started GET "/" for ::1 at 2026-04-16 17:24:55 +0500
Processing by PortfolioController#index as HTML
  Rendering layout layouts/application.html.erb
  Rendering portfolio/index.html.erb within layouts/application
  Rendered portfolio/index.html.erb within layouts/application (Duration: 0.2ms | GC: 0.0ms)
  Rendered layout layouts/application.html.erb (Duration: 4.4ms | GC: 0.0ms)
Completed 200 OK in 22ms (Views: 6.0ms | ActiveRecord: 0.0ms (0 queries, 0 cached) | GC: 0.0ms)


Started GET "/poster.jpg" for ::1 at 2026-04-16 17:24:56 +0500
  
ActionController::RoutingError (No route matches [GET] "/poster.jpg"):
  
Started GET "/" for ::1 at 2026-04-16 17:29:06 +0500
Processing by PortfolioController#index as HTML
  Rendering layout layouts/application.html.erb
  Rendering portfolio/index.html.erb within layouts/application
  Rendered portfolio/index.html.erb within layouts/application (Duration: 1.5ms | GC: 0.0ms)
  Rendered layout layouts/application.html.erb (Duration: 8.2ms | GC: 0.0ms)
Completed 200 OK in 43ms (Views: 22.9ms | ActiveRecord: 0.0ms (0 queries, 0 cached) | GC: 0.0ms)


Started GET "/poster.jpg" for ::1 at 2026-04-16 17:29:06 +0500
  
ActionController::RoutingError (No route matches [GET] "/poster.jpg"):
  
Started GET "/" for ::1 at 2026-04-16 17:39:11 +0500
Processing by PortfolioController#index as HTML
  Rendering layout layouts/application.html.erb
  Rendering portfolio/index.html.erb within layouts/application
  Rendered portfolio/index.html.erb within layouts/application (Duration: 2.4ms | GC: 0.0ms)
  Rendered layout layouts/application.html.erb (Duration: 6.2ms | GC: 0.0ms)
Completed 200 OK in 31ms (Views: 18.1ms | ActiveRecord: 0.0ms (0 queries, 0 cached) | GC: 0.0ms)


Started GET "/poster.jpg" for ::1 at 2026-04-16 17:39:12 +0500
  
ActionController::RoutingError (No route matches [GET] "/poster.jpg"):
  
Started GET "/" for ::1 at 2026-04-16 17:52:44 +0500
Processing by PortfolioController#index as HTML
  Rendering layout layouts/application.html.erb
  Rendering portfolio/index.html.erb within layouts/application
  Rendered portfolio/index.html.erb within layouts/application (Duration: 0.3ms | GC: 0.0ms)
  Rendered layout layouts/application.html.erb (Duration: 15.1ms | GC: 0.0ms)
Completed 200 OK in 45ms (Views: 17.5ms | ActiveRecord: 0.0ms (0 queries, 0 cached) | GC: 0.0ms)


Started GET "/poster.jpg" for ::1 at 2026-04-16 17:52:44 +0500
  
ActionController::RoutingError (No route matches [GET] "/poster.jpg"):
  
Started GET "/" for ::1 at 2026-04-16 17:59:56 +0500
Processing by PortfolioController#index as HTML
  Rendering layout layouts/application.html.erb
  Rendering portfolio/index.html.erb within layouts/application
  Rendered portfolio/index.html.erb within layouts/application (Duration: 0.2ms | GC: 0.0ms)
  Rendered layout layouts/application.html.erb (Duration: 6.8ms | GC: 0.0ms)
Completed 200 OK in 28ms (Views: 9.3ms | ActiveRecord: 0.0ms (0 queries, 0 cached) | GC: 0.0ms)


Started GET "/poster.jpg" for ::1 at 2026-04-16 17:59:56 +0500
  
ActionController::RoutingError (No route matches [GET] "/poster.jpg"):
  
Started GET "/" for ::1 at 2026-04-16 18:14:37 +0500
Processing by PortfolioController#index as HTML
  Rendering layout layouts/application.html.erb
  Rendering portfolio/index.html.erb within layouts/application
  Rendered portfolio/index.html.erb within layouts/application (Duration: 0.1ms | GC: 0.0ms)
  Rendered layout layouts/application.html.erb (Duration: 1.8ms | GC: 0.0ms)
Completed 200 OK in 13ms (Views: 2.8ms | ActiveRecord: 0.0ms (0 queries, 0 cached) | GC: 0.0ms)


Started GET "/poster.jpg" for ::1 at 2026-04-16 18:14:37 +0500
  
ActionController::RoutingError (No route matches [GET] "/poster.jpg"):
  
Started GET "/" for ::1 at 2026-04-16 18:15:13 +0500
Processing by PortfolioController#index as HTML
  Rendering layout layouts/application.html.erb
  Rendering portfolio/index.html.erb within layouts/application
  Rendered portfolio/index.html.erb within layouts/application (Duration: 1.7ms | GC: 0.0ms)
  Rendered layout layouts/application.html.erb (Duration: 5.1ms | GC: 0.0ms)
Completed 200 OK in 35ms (Views: 21.1ms | ActiveRecord: 0.0ms (0 queries, 0 cached) | GC: 0.0ms)


Started GET "/poster.jpg" for ::1 at 2026-04-16 18:15:13 +0500
  
ActionController::RoutingError (No route matches [GET] "/poster.jpg"):
  
Started GET "/" for ::1 at 2026-04-16 18:16:01 +0500
Processing by PortfolioController#index as HTML
  Rendering layout layouts/application.html.erb
  Rendering portfolio/index.html.erb within layouts/application
  Rendered portfolio/index.html.erb within layouts/application (Duration: 1.8ms | GC: 0.0ms)
  Rendered layout layouts/application.html.erb (Duration: 5.2ms | GC: 0.0ms)
Completed 200 OK in 25ms (Views: 11.4ms | ActiveRecord: 0.0ms (0 queries, 0 cached) | GC: 0.0ms)


Started GET "/poster.jpg" for ::1 at 2026-04-16 18:16:02 +0500
  
ActionController::RoutingError (No route matches [GET] "/poster.jpg"):
  
Started GET "/" for ::1 at 2026-04-16 18:16:19 +0500
Processing by PortfolioController#index as HTML
  Rendering layout layouts/application.html.erb
  Rendering portfolio/index.html.erb within layouts/application
  Rendered portfolio/index.html.erb within layouts/application (Duration: 2.7ms | GC: 0.0ms)
  Rendered layout layouts/application.html.erb (Duration: 6.8ms | GC: 0.0ms)
Completed 200 OK in 49ms (Views: 26.7ms | ActiveRecord: 0.0ms (0 queries, 0 cached) | GC: 0.0ms)


Started GET "/poster.jpg" for ::1 at 2026-04-16 18:16:20 +0500
  
ActionController::RoutingError (No route matches [GET] "/poster.jpg"):
  
Started GET "/" for ::1 at 2026-04-16 18:17:06 +0500
Processing by PortfolioController#index as HTML
  Rendering layout layouts/application.html.erb
  Rendering portfolio/index.html.erb within layouts/application
  Rendered portfolio/index.html.erb within layouts/application (Duration: 2.9ms | GC: 0.0ms)
  Rendered layout layouts/application.html.erb (Duration: 9.3ms | GC: 0.0ms)
Completed 200 OK in 46ms (Views: 30.7ms | ActiveRecord: 0.0ms (0 queries, 0 cached) | GC: 0.0ms)


Started GET "/poster.jpg" for ::1 at 2026-04-16 18:17:06 +0500
  
ActionController::RoutingError (No route matches [GET] "/poster.jpg"):
  
Started GET "/" for ::1 at 2026-04-16 18:18:53 +0500
Processing by PortfolioController#index as HTML
  Rendering layout layouts/application.html.erb
  Rendering portfolio/index.html.erb within layouts/application
  Rendered portfolio/index.html.erb within layouts/application (Duration: 1.7ms | GC: 0.0ms)
  Rendered layout layouts/application.html.erb (Duration: 6.1ms | GC: 0.0ms)
Completed 200 OK in 49ms (Views: 25.7ms | ActiveRecord: 0.0ms (0 queries, 0 cached) | GC: 0.0ms)


Started GET "/poster.jpg" for ::1 at 2026-04-16 18:18:54 +0500
  
ActionController::RoutingError (No route matches [GET] "/poster.jpg"):
  
Started GET "/" for ::1 at 2026-04-16 18:21:19 +0500
Processing by PortfolioController#index as HTML
  Rendering layout layouts/application.html.erb
  Rendering portfolio/index.html.erb within layouts/application
  Rendered portfolio/index.html.erb within layouts/application (Duration: 8.0ms | GC: 0.0ms)
  Rendered layout layouts/application.html.erb (Duration: 17.0ms | GC: 0.0ms)
Completed 200 OK in 63ms (Views: 41.9ms | ActiveRecord: 0.0ms (0 queries, 0 cached) | GC: 0.0ms)


Started GET "/poster.jpg" for ::1 at 2026-04-16 18:21:20 +0500
  
ActionController::RoutingError (No route matches [GET] "/poster.jpg"):
  
Started GET "/" for ::1 at 2026-04-16 18:22:17 +0500
Processing by PortfolioController#index as HTML
  Rendering layout layouts/application.html.erb
  Rendering portfolio/index.html.erb within layouts/application
  Rendered portfolio/index.html.erb within layouts/application (Duration: 1.2ms | GC: 0.0ms)
  Rendered layout layouts/application.html.erb (Duration: 8.1ms | GC: 0.0ms)
Completed 200 OK in 31ms (Views: 18.2ms | ActiveRecord: 0.0ms (0 queries, 0 cached) | GC: 0.2ms)


Started GET "/poster.jpg" for ::1 at 2026-04-16 18:22:18 +0500
  
ActionController::RoutingError (No route matches [GET] "/poster.jpg"):
  
Started GET "/" for ::1 at 2026-04-16 18:34:49 +0500
Processing by PortfolioController#index as HTML
  Rendering layout layouts/application.html.erb
  Rendering portfolio/index.html.erb within layouts/application
  Rendered portfolio/index.html.erb within layouts/application (Duration: 0.2ms | GC: 0.0ms)
  Rendered layout layouts/application.html.erb (Duration: 2.6ms | GC: 0.0ms)
Completed 200 OK in 16ms (Views: 4.1ms | ActiveRecord: 0.0ms (0 queries, 0 cached) | GC: 0.0ms)


Started GET "/poster.jpg" for ::1 at 2026-04-16 18:34:49 +0500
  
ActionController::RoutingError (No route matches [GET] "/poster.jpg"):
  
  [1m[36mActiveRecord::SchemaMigration Load (0.3ms)[0m  [1m[34mSELECT "schema_migrations"."version" FROM "schema_migrations" ORDER BY "schema_migrations"."version" ASC[0m
Started GET "/" for ::1 at 2026-04-16 22:07:36 +0500
Processing by PortfolioController#index as HTML
  Rendering layout layouts/application.html.erb
  Rendering portfolio/index.html.erb within layouts/application
  Rendered portfolio/index.html.erb within layouts/application (Duration: 2.9ms | GC: 0.0ms)
  Rendered layout layouts/application.html.erb (Duration: 78.7ms | GC: 0.0ms)
Completed 200 OK in 534ms (Views: 172.4ms | ActiveRecord: 0.0ms (0 queries, 0 cached) | GC: 0.0ms)


Started GET "/poster.jpg" for ::1 at 2026-04-16 22:07:37 +0500
  
ActionController::RoutingError (No route matches [GET] "/poster.jpg"):
  
Started GET "/icon.svg" for ::1 at 2026-04-16 22:07:39 +0500
  
ActionController::RoutingError (No route matches [GET] "/icon.svg"):
  
Started GET "/icon.png" for ::1 at 2026-04-16 22:07:40 +0500
  
ActionController::RoutingError (No route matches [GET] "/icon.png"):
  
Started GET "/" for ::1 at 2026-04-16 22:08:29 +0500
Processing by PortfolioController#index as HTML
  Rendering layout layouts/application.html.erb
  Rendering portfolio/index.html.erb within layouts/application
  Rendered portfolio/index.html.erb within layouts/application (Duration: 0.1ms | GC: 0.0ms)
  Rendered layout layouts/application.html.erb (Duration: 17.9ms | GC: 0.0ms)
Completed 200 OK in 50ms (Views: 22.5ms | ActiveRecord: 0.0ms (0 queries, 0 cached) | GC: 0.0ms)


Started GET "/poster.jpg" for ::1 at 2026-04-16 22:08:30 +0500
  
ActionController::RoutingError (No route matches [GET] "/poster.jpg"):
  
Started GET "/" for ::1 at 2026-04-17 11:46:37 +0500
Processing by PortfolioController#index as HTML
  Rendering layout layouts/application.html.erb
  Rendering portfolio/index.html.erb within layouts/application
  Rendered portfolio/index.html.erb within layouts/application (Duration: 0.4ms | GC: 0.0ms)
  Rendered layout layouts/application.html.erb (Duration: 7.7ms | GC: 0.0ms)
Completed 200 OK in 37ms (Views: 10.5ms | ActiveRecord: 0.0ms (0 queries, 0 cached) | GC: 0.0ms)


Started GET "/poster.jpg" for ::1 at 2026-04-17 11:46:37 +0500
  
ActionController::RoutingError (No route matches [GET] "/poster.jpg"):
  
Started GET "/" for ::1 at 2026-04-17 11:46:42 +0500
Processing by PortfolioController#index as HTML
  Rendering layout layouts/application.html.erb
  Rendering portfolio/index.html.erb within layouts/application
  Rendered portfolio/index.html.erb within layouts/application (Duration: 0.2ms | GC: 0.0ms)
  Rendered layout layouts/application.html.erb (Duration: 5.6ms | GC: 0.0ms)
Completed 200 OK in 33ms (Views: 8.6ms | ActiveRecord: 0.0ms (0 queries, 0 cached) | GC: 0.0ms)


Started GET "/poster.jpg" for ::1 at 2026-04-17 11:46:42 +0500
  
ActionController::RoutingError (No route matches [GET] "/poster.jpg"):
  
Started GET "/" for ::1 at 2026-04-17 11:49:14 +0500
Processing by PortfolioController#index as HTML
  Rendering layout layouts/application.html.erb
  Rendering portfolio/index.html.erb within layouts/application
  Rendered portfolio/index.html.erb within layouts/application (Duration: 6.8ms | GC: 0.0ms)
  Rendered layout layouts/application.html.erb (Duration: 16.4ms | GC: 0.0ms)
Completed 200 OK in 72ms (Views: 44.1ms | ActiveRecord: 0.0ms (0 queries, 0 cached) | GC: 0.0ms)


Started GET "/poster.jpg" for ::1 at 2026-04-17 11:49:15 +0500
  
ActionController::RoutingError (No route matches [GET] "/poster.jpg"):
  
Started GET "/" for ::1 at 2026-04-17 11:49:43 +0500
Processing by PortfolioController#index as HTML
  Rendering layout layouts/application.html.erb
  Rendering portfolio/index.html.erb within layouts/application
  Rendered portfolio/index.html.erb within layouts/application (Duration: 7.4ms | GC: 0.0ms)
  Rendered layout layouts/application.html.erb (Duration: 13.0ms | GC: 0.0ms)
Completed 200 OK in 68ms (Views: 37.4ms | ActiveRecord: 0.0ms (0 queries, 0 cached) | GC: 0.0ms)


Started GET "/poster.jpg" for ::1 at 2026-04-17 11:49:44 +0500
  
ActionController::RoutingError (No route matches [GET] "/poster.jpg"):
  
Started GET "/" for ::1 at 2026-04-17 11:49:55 +0500
Processing by PortfolioController#index as HTML
  Rendering layout layouts/application.html.erb
  Rendering portfolio/index.html.erb within layouts/application
  Rendered portfolio/index.html.erb within layouts/application (Duration: 5.3ms | GC: 0.0ms)
  Rendered layout layouts/application.html.erb (Duration: 13.5ms | GC: 0.0ms)
Completed 200 OK in 67ms (Views: 41.0ms | ActiveRecord: 0.0ms (0 queries, 0 cached) | GC: 0.0ms)


Started GET "/poster.jpg" for ::1 at 2026-04-17 11:49:56 +0500
  
ActionController::RoutingError (No route matches [GET] "/poster.jpg"):
  
Started GET "/" for ::1 at 2026-04-17 11:50:05 +0500
Processing by PortfolioController#index as HTML
  Rendering layout layouts/application.html.erb
  Rendering portfolio/index.html.erb within layouts/application
  Rendered portfolio/index.html.erb within layouts/application (Duration: 6.2ms | GC: 0.0ms)
  Rendered layout layouts/application.html.erb (Duration: 14.6ms | GC: 0.0ms)
Completed 200 OK in 77ms (Views: 46.3ms | ActiveRecord: 0.0ms (0 queries, 0 cached) | GC: 0.0ms)


Started GET "/poster.jpg" for ::1 at 2026-04-17 11:50:05 +0500
  
ActionController::RoutingError (No route matches [GET] "/poster.jpg"):
  
  [1m[36mActiveRecord::SchemaMigration Load (0.2ms)[0m  [1m[34mSELECT "schema_migrations"."version" FROM "schema_migrations" ORDER BY "schema_migrations"."version" ASC[0m
Started GET "/" for ::1 at 2026-04-17 11:58:22 +0500
Processing by PortfolioController#index as HTML
  Rendering layout layouts/application.html.erb
  Rendering portfolio/index.html.erb within layouts/application
  Rendered portfolio/index.html.erb within layouts/application (Duration: 6.1ms | GC: 0.0ms)
  Rendered layout layouts/application.html.erb (Duration: 128.3ms | GC: 0.2ms)
Completed 200 OK in 394ms (Views: 173.2ms | ActiveRecord: 0.0ms (0 queries, 0 cached) | GC: 0.2ms)


Started GET "/poster.jpg" for ::1 at 2026-04-17 11:58:23 +0500
  
ActionController::RoutingError (No route matches [GET] "/poster.jpg"):
  
Started GET "/icon.svg" for ::1 at 2026-04-17 11:58:26 +0500
  
ActionController::RoutingError (No route matches [GET] "/icon.svg"):
  
Started GET "/icon.png" for ::1 at 2026-04-17 11:58:27 +0500
  
ActionController::RoutingError (No route matches [GET] "/icon.png"):
  
Started GET "/" for ::1 at 2026-04-17 11:58:38 +0500
Processing by PortfolioController#index as HTML
  Rendering layout layouts/application.html.erb
  Rendering portfolio/index.html.erb within layouts/application
  Rendered portfolio/index.html.erb within layouts/application (Duration: 0.1ms | GC: 0.0ms)
  Rendered layout layouts/application.html.erb (Duration: 5.3ms | GC: 0.0ms)
Completed 200 OK in 27ms (Views: 8.4ms | ActiveRecord: 0.0ms (0 queries, 0 cached) | GC: 0.0ms)


Started GET "/poster.jpg" for ::1 at 2026-04-17 11:58:38 +0500
  
ActionController::RoutingError (No route matches [GET] "/poster.jpg"):
  
Started GET "/" for ::1 at 2026-04-17 11:58:48 +0500
Processing by PortfolioController#index as HTML
  Rendering layout layouts/application.html.erb
  Rendering portfolio/index.html.erb within layouts/application
  Rendered portfolio/index.html.erb within layouts/application (Duration: 3.9ms | GC: 0.0ms)
  Rendered layout layouts/application.html.erb (Duration: 10.7ms | GC: 0.0ms)
Completed 200 OK in 54ms (Views: 30.3ms | ActiveRecord: 0.0ms (0 queries, 0 cached) | GC: 0.0ms)


Started GET "/poster.jpg" for ::1 at 2026-04-17 11:58:49 +0500
  
ActionController::RoutingError (No route matches [GET] "/poster.jpg"):
  
Started GET "/" for ::1 at 2026-04-17 11:59:28 +0500
Processing by PortfolioController#index as HTML
  Rendering layout layouts/application.html.erb
  Rendering portfolio/index.html.erb within layouts/application
  Rendered portfolio/index.html.erb within layouts/application (Duration: 3.5ms | GC: 0.0ms)
  Rendered layout layouts/application.html.erb (Duration: 13.4ms | GC: 0.0ms)
Completed 200 OK in 59ms (Views: 36.4ms | ActiveRecord: 0.0ms (0 queries, 0 cached) | GC: 0.0ms)


Started GET "/poster.jpg" for ::1 at 2026-04-17 11:59:28 +0500
  
ActionController::RoutingError (No route matches [GET] "/poster.jpg"):
  
Started GET "/" for ::1 at 2026-04-17 12:00:17 +0500
Processing by PortfolioController#index as HTML
  Rendering layout layouts/application.html.erb
  Rendering portfolio/index.html.erb within layouts/application
  Rendered portfolio/index.html.erb within layouts/application (Duration: 4.4ms | GC: 0.0ms)
  Rendered layout layouts/application.html.erb (Duration: 11.4ms | GC: 0.0ms)
Completed 200 OK in 62ms (Views: 36.2ms | ActiveRecord: 0.0ms (0 queries, 0 cached) | GC: 0.0ms)


Started GET "/poster.jpg" for ::1 at 2026-04-17 12:00:17 +0500
  
ActionController::RoutingError (No route matches [GET] "/poster.jpg"):
  
Started GET "/" for ::1 at 2026-04-17 12:00:34 +0500
Processing by PortfolioController#index as HTML
  Rendering layout layouts/application.html.erb
  Rendering portfolio/index.html.erb within layouts/application
  Rendered portfolio/index.html.erb within layouts/application (Duration: 3.5ms | GC: 0.0ms)
  Rendered layout layouts/application.html.erb (Duration: 12.9ms | GC: 0.0ms)
Completed 200 OK in 71ms (Views: 35.7ms | ActiveRecord: 0.0ms (0 queries, 0 cached) | GC: 0.0ms)


Started GET "/poster.jpg" for ::1 at 2026-04-17 12:00:35 +0500
  
ActionController::RoutingError (No route matches [GET] "/poster.jpg"):
  
  [1m[36mActiveRecord::SchemaMigration Load (0.5ms)[0m  [1m[34mSELECT "schema_migrations"."version" FROM "schema_migrations" ORDER BY "schema_migrations"."version" ASC[0m
Started GET "/" for ::1 at 2026-04-17 12:18:53 +0500
Processing by PortfolioController#index as HTML
  Rendering layout layouts/application.html.erb
  Rendering portfolio/index.html.erb within layouts/application
  Rendered portfolio/index.html.erb within layouts/application (Duration: 6.4ms | GC: 0.0ms)
  Rendered layout layouts/application.html.erb (Duration: 145.7ms | GC: 0.2ms)
Completed 200 OK in 453ms (Views: 200.8ms | ActiveRecord: 0.0ms (0 queries, 0 cached) | GC: 0.2ms)


Started GET "/poster.jpg" for ::1 at 2026-04-17 12:18:53 +0500
  
ActionController::RoutingError (No route matches [GET] "/poster.jpg"):
  
Started GET "/icon.svg" for ::1 at 2026-04-17 12:18:55 +0500
  
ActionController::RoutingError (No route matches [GET] "/icon.svg"):
  
Started GET "/icon.png" for ::1 at 2026-04-17 12:18:55 +0500
  
ActionController::RoutingError (No route matches [GET] "/icon.png"):
  
  [1m[36mActiveRecord::SchemaMigration Load (0.7ms)[0m  [1m[34mSELECT "schema_migrations"."version" FROM "schema_migrations" ORDER BY "schema_migrations"."version" ASC[0m
Started GET "/" for ::1 at 2026-04-17 12:42:09 +0500
Processing by PortfolioController#index as HTML
  Rendering layout layouts/application.html.erb
  Rendering portfolio/index.html.erb within layouts/application
  Rendered portfolio/index.html.erb within layouts/application (Duration: 4.4ms | GC: 0.0ms)
  Rendered layout layouts/application.html.erb (Duration: 113.6ms | GC: 0.0ms)
Completed 200 OK in 378ms (Views: 157.2ms | ActiveRecord: 0.0ms (0 queries, 0 cached) | GC: 0.0ms)


Started GET "/poster.jpg" for ::1 at 2026-04-17 12:42:09 +0500
  
ActionController::RoutingError (No route matches [GET] "/poster.jpg"):
  
Started GET "/.well-known/appspecific/com.chrome.devtools.json" for ::1 at 2026-04-17 12:42:49 +0500
  
ActionController::RoutingError (No route matches [GET] "/.well-known/appspecific/com.chrome.devtools.json"):
  
Started GET "/" for ::1 at 2026-04-17 12:56:06 +0500
Processing by PortfolioController#index as HTML
  Rendering layout layouts/application.html.erb
  Rendering portfolio/index.html.erb within layouts/application
  Rendered portfolio/index.html.erb within layouts/application (Duration: 3.3ms | GC: 0.0ms)
  Rendered layout layouts/application.html.erb (Duration: 22.7ms | GC: 0.0ms)
Completed 200 OK in 102ms (Views: 66.5ms | ActiveRecord: 0.0ms (0 queries, 0 cached) | GC: 0.0ms)


Started GET "/poster.jpg" for ::1 at 2026-04-17 12:56:07 +0500
  
ActionController::RoutingError (No route matches [GET] "/poster.jpg"):
  
Started GET "/" for ::1 at 2026-04-17 13:36:23 +0500
Processing by PortfolioController#index as HTML
  Rendering layout layouts/application.html.erb
  Rendering portfolio/index.html.erb within layouts/application
  Rendered portfolio/index.html.erb within layouts/application (Duration: 0.1ms | GC: 0.0ms)
  Rendered layout layouts/application.html.erb (Duration: 4.8ms | GC: 0.0ms)
Completed 200 OK in 13ms (Views: 6.3ms | ActiveRecord: 0.0ms (0 queries, 0 cached) | GC: 0.0ms)


Started GET "/poster.jpg" for ::1 at 2026-04-17 13:36:23 +0500
  
ActionController::RoutingError (No route matches [GET] "/poster.jpg"):
  
Started GET "/" for ::1 at 2026-04-17 13:55:11 +0500
Processing by PortfolioController#index as HTML
  Rendering layout layouts/application.html.erb
  Rendering portfolio/index.html.erb within layouts/application
  Rendered portfolio/index.html.erb within layouts/application (Duration: 1.8ms | GC: 0.0ms)
  Rendered layout layouts/application.html.erb (Duration: 5.5ms | GC: 0.0ms)
Completed 200 OK in 25ms (Views: 15.4ms | ActiveRecord: 0.0ms (0 queries, 0 cached) | GC: 0.0ms)


Started GET "/poster.jpg" for ::1 at 2026-04-17 13:55:12 +0500
  
ActionController::RoutingError (No route matches [GET] "/poster.jpg"):
  
Started GET "/" for ::1 at 2026-04-17 13:58:17 +0500
Processing by PortfolioController#index as HTML
  Rendering layout layouts/application.html.erb
  Rendering portfolio/index.html.erb within layouts/application
  Rendered portfolio/index.html.erb within layouts/application (Duration: 3.8ms | GC: 0.0ms)
  Rendered layout layouts/application.html.erb (Duration: 8.3ms | GC: 0.0ms)
Completed 200 OK in 26ms (Views: 16.5ms | ActiveRecord: 0.0ms (0 queries, 0 cached) | GC: 0.0ms)


Started GET "/poster.jpg" for ::1 at 2026-04-17 13:58:17 +0500
  
ActionController::RoutingError (No route matches [GET] "/poster.jpg"):
  
Started GET "/" for ::1 at 2026-04-17 14:00:12 +0500
Processing by PortfolioController#index as HTML
  Rendering layout layouts/application.html.erb
  Rendering portfolio/index.html.erb within layouts/application
  Rendered portfolio/index.html.erb within layouts/application (Duration: 0.2ms | GC: 0.0ms)
  Rendered layout layouts/application.html.erb (Duration: 3.0ms | GC: 0.0ms)
Completed 200 OK in 13ms (Views: 3.8ms | ActiveRecord: 0.0ms (0 queries, 0 cached) | GC: 0.0ms)


Started GET "/poster.jpg" for ::1 at 2026-04-17 14:00:12 +0500
  
ActionController::RoutingError (No route matches [GET] "/poster.jpg"):
  
Started GET "/" for ::1 at 2026-04-17 14:03:06 +0500
Processing by PortfolioController#index as HTML
  Rendering layout layouts/application.html.erb
  Rendering portfolio/index.html.erb within layouts/application
  Rendered portfolio/index.html.erb within layouts/application (Duration: 1.9ms | GC: 0.0ms)
  Rendered layout layouts/application.html.erb (Duration: 9.7ms | GC: 0.0ms)
Completed 200 OK in 30ms (Views: 18.2ms | ActiveRecord: 0.0ms (0 queries, 0 cached) | GC: 0.0ms)


Started GET "/poster.jpg" for ::1 at 2026-04-17 14:03:06 +0500
  
ActionController::RoutingError (No route matches [GET] "/poster.jpg"):
  
Started GET "/" for ::1 at 2026-04-17 14:05:55 +0500
Processing by PortfolioController#index as HTML
  Rendering layout layouts/application.html.erb
  Rendering portfolio/index.html.erb within layouts/application
  Rendered portfolio/index.html.erb within layouts/application (Duration: 1.3ms | GC: 0.0ms)
  Rendered layout layouts/application.html.erb (Duration: 4.6ms | GC: 0.0ms)
Completed 200 OK in 23ms (Views: 15.6ms | ActiveRecord: 0.0ms (0 queries, 0 cached) | GC: 0.0ms)


Started GET "/poster.jpg" for ::1 at 2026-04-17 14:05:55 +0500
  
ActionController::RoutingError (No route matches [GET] "/poster.jpg"):
  
Started GET "/" for ::1 at 2026-04-17 14:12:37 +0500
Processing by PortfolioController#index as HTML
  Rendering layout layouts/application.html.erb
  Rendering portfolio/index.html.erb within layouts/application
  Rendered portfolio/index.html.erb within layouts/application (Duration: 4.3ms | GC: 0.0ms)
  Rendered layout layouts/application.html.erb (Duration: 15.9ms | GC: 0.0ms)
Completed 200 OK in 74ms (Views: 45.9ms | ActiveRecord: 0.0ms (0 queries, 0 cached) | GC: 0.0ms)


Started GET "/poster.jpg" for ::1 at 2026-04-17 14:12:38 +0500
  
ActionController::RoutingError (No route matches [GET] "/poster.jpg"):
  
Started GET "/" for ::1 at 2026-04-17 14:14:52 +0500
Processing by PortfolioController#index as HTML
  Rendering layout layouts/application.html.erb
  Rendering portfolio/index.html.erb within layouts/application
  Rendered portfolio/index.html.erb within layouts/application (Duration: 2.9ms | GC: 0.0ms)
  Rendered layout layouts/application.html.erb (Duration: 9.9ms | GC: 0.0ms)
Completed 200 OK in 83ms (Views: 52.1ms | ActiveRecord: 0.0ms (0 queries, 0 cached) | GC: 0.0ms)


Started GET "/poster.jpg" for ::1 at 2026-04-17 14:14:53 +0500
  
ActionController::RoutingError (No route matches [GET] "/poster.jpg"):
  
Started GET "/discover" for ::1 at 2026-04-17 14:15:27 +0500
Processing by PortfolioController#discover as HTML
  Rendering layout layouts/application.html.erb
  Rendering portfolio/discover.html.erb within layouts/application
  Rendered portfolio/discover.html.erb within layouts/application (Duration: 2.7ms | GC: 0.0ms)
  Rendered layout layouts/application.html.erb (Duration: 7.9ms | GC: 0.0ms)
Completed 200 OK in 42ms (Views: 10.5ms | ActiveRecord: 0.0ms (0 queries, 0 cached) | GC: 0.0ms)


Started GET "/" for ::1 at 2026-04-17 14:15:55 +0500
Processing by PortfolioController#index as HTML
  Rendering layout layouts/application.html.erb
  Rendering portfolio/index.html.erb within layouts/application
  Rendered portfolio/index.html.erb within layouts/application (Duration: 4.5ms | GC: 0.0ms)
  Rendered layout layouts/application.html.erb (Duration: 10.8ms | GC: 0.0ms)
Completed 200 OK in 70ms (Views: 43.5ms | ActiveRecord: 0.0ms (0 queries, 0 cached) | GC: 0.0ms)


Started GET "/poster.jpg" for ::1 at 2026-04-17 14:15:56 +0500
  
ActionController::RoutingError (No route matches [GET] "/poster.jpg"):
  
Started GET "/discover" for ::1 at 2026-04-17 14:16:54 +0500
Processing by PortfolioController#discover as HTML
  Rendering layout layouts/application.html.erb
  Rendering portfolio/discover.html.erb within layouts/application
  Rendered portfolio/discover.html.erb within layouts/application (Duration: 2.8ms | GC: 0.0ms)
  Rendered layout layouts/application.html.erb (Duration: 22.2ms | GC: 0.0ms)
Completed 200 OK in 122ms (Views: 95.9ms | ActiveRecord: 0.0ms (0 queries, 0 cached) | GC: 0.0ms)


Started GET "/" for ::1 at 2026-04-17 14:16:57 +0500
Processing by PortfolioController#index as HTML
  Rendering layout layouts/application.html.erb
  Rendering portfolio/index.html.erb within layouts/application
  Rendered portfolio/index.html.erb within layouts/application (Duration: 4.8ms | GC: 0.0ms)
  Rendered layout layouts/application.html.erb (Duration: 15.6ms | GC: 0.0ms)
Completed 200 OK in 48ms (Views: 19.9ms | ActiveRecord: 0.0ms (0 queries, 0 cached) | GC: 0.0ms)


Started GET "/poster.jpg" for ::1 at 2026-04-17 14:16:58 +0500
  
ActionController::RoutingError (No route matches [GET] "/poster.jpg"):
  
Started GET "/" for ::1 at 2026-04-17 14:17:05 +0500
Processing by PortfolioController#index as HTML
  Rendering layout layouts/application.html.erb
  Rendering portfolio/index.html.erb within layouts/application
  Rendered portfolio/index.html.erb within layouts/application (Duration: 0.5ms | GC: 0.0ms)
  Rendered layout layouts/application.html.erb (Duration: 5.0ms | GC: 0.0ms)
Completed 200 OK in 36ms (Views: 8.1ms | ActiveRecord: 0.0ms (0 queries, 0 cached) | GC: 0.0ms)


Started GET "/poster.jpg" for ::1 at 2026-04-17 14:17:05 +0500
  
ActionController::RoutingError (No route matches [GET] "/poster.jpg"):
  
Started GET "/" for ::1 at 2026-04-17 14:17:11 +0500
Processing by PortfolioController#index as HTML
  Rendering layout layouts/application.html.erb
  Rendering portfolio/index.html.erb within layouts/application
  Rendered portfolio/index.html.erb within layouts/application (Duration: 0.4ms | GC: 0.0ms)
  Rendered layout layouts/application.html.erb (Duration: 40.8ms | GC: 0.0ms)
Completed 200 OK in 132ms (Views: 86.7ms | ActiveRecord: 0.0ms (0 queries, 0 cached) | GC: 0.0ms)


Started GET "/poster.jpg" for ::1 at 2026-04-17 14:17:11 +0500
  
ActionController::RoutingError (No route matches [GET] "/poster.jpg"):
  
Started GET "/.well-known/appspecific/com.chrome.devtools.json" for ::1 at 2026-04-17 14:17:29 +0500
  
ActionController::RoutingError (No route matches [GET] "/.well-known/appspecific/com.chrome.devtools.json"):
  
Started GET "/" for ::1 at 2026-04-17 14:18:55 +0500
Processing by PortfolioController#index as HTML
  Rendering layout layouts/application.html.erb
  Rendering portfolio/index.html.erb within layouts/application
  Rendered portfolio/index.html.erb within layouts/application (Duration: 6.1ms | GC: 0.0ms)
  Rendered layout layouts/application.html.erb (Duration: 149.2ms | GC: 0.2ms)
Completed 200 OK in 474ms (Views: 207.3ms | ActiveRecord: 0.0ms (0 queries, 0 cached) | GC: 0.2ms)


Started GET "/" for 127.0.0.1 at 2026-04-17 14:18:56 +0500
Processing by PortfolioController#index as HTML
  Rendering layout layouts/application.html.erb
  Rendering portfolio/index.html.erb within layouts/application
  Rendered portfolio/index.html.erb within layouts/application (Duration: 0.2ms | GC: 0.0ms)
  Rendered layout layouts/application.html.erb (Duration: 6.4ms | GC: 0.0ms)
Completed 200 OK in 30ms (Views: 8.2ms | ActiveRecord: 0.0ms (0 queries, 0 cached) | GC: 0.0ms)


Started GET "/.well-known/appspecific/com.chrome.devtools.json" for 127.0.0.1 at 2026-04-17 14:18:56 +0500
Started GET "/poster.jpg" for ::1 at 2026-04-17 14:18:56 +0500
  
ActionController::RoutingError (No route matches [GET] "/.well-known/appspecific/com.chrome.devtools.json"):
  
  
ActionController::RoutingError (No route matches [GET] "/poster.jpg"):
  
Started GET "/" for ::1 at 2026-04-17 14:21:38 +0500
Processing by PortfolioController#index as HTML
  Rendering layout layouts/application.html.erb
  Rendering portfolio/index.html.erb within layouts/application
  Rendered portfolio/index.html.erb within layouts/application (Duration: 7.0ms | GC: 0.0ms)
  Rendered layout layouts/application.html.erb (Duration: 22.8ms | GC: 0.0ms)
Completed 200 OK in 79ms (Views: 54.3ms | ActiveRecord: 0.0ms (0 queries, 0 cached) | GC: 0.0ms)


Started GET "/poster.jpg" for ::1 at 2026-04-17 14:21:39 +0500
  
ActionController::RoutingError (No route matches [GET] "/poster.jpg"):
  
Started GET "/discover" for ::1 at 2026-04-17 14:21:59 +0500
Processing by PortfolioController#discover as HTML
  Rendering layout layouts/application.html.erb
  Rendering portfolio/discover.html.erb within layouts/application
  Rendered portfolio/discover.html.erb within layouts/application (Duration: 3.8ms | GC: 0.0ms)
  Rendered layout layouts/application.html.erb (Duration: 11.2ms | GC: 0.0ms)
Completed 200 OK in 60ms (Views: 15.4ms | ActiveRecord: 0.0ms (0 queries, 0 cached) | GC: 0.0ms)


Started GET "/" for ::1 at 2026-04-17 14:22:04 +0500
Processing by PortfolioController#index as HTML
  Rendering layout layouts/application.html.erb
  Rendering portfolio/index.html.erb within layouts/application
  Rendered portfolio/index.html.erb within layouts/application (Duration: 0.1ms | GC: 0.0ms)
  Rendered layout layouts/application.html.erb (Duration: 4.3ms | GC: 0.0ms)
Completed 200 OK in 30ms (Views: 9.8ms | ActiveRecord: 0.0ms (0 queries, 0 cached) | GC: 0.0ms)


Started GET "/poster.jpg" for ::1 at 2026-04-17 14:22:04 +0500
  
ActionController::RoutingError (No route matches [GET] "/poster.jpg"):
  
Started GET "/" for ::1 at 2026-04-17 14:24:06 +0500
Processing by PortfolioController#index as HTML
  Rendering layout layouts/application.html.erb
  Rendering portfolio/index.html.erb within layouts/application
  Rendered portfolio/index.html.erb within layouts/application (Duration: 4.2ms | GC: 0.0ms)
  Rendered layout layouts/application.html.erb (Duration: 15.8ms | GC: 0.0ms)
Completed 200 OK in 71ms (Views: 40.4ms | ActiveRecord: 0.0ms (0 queries, 0 cached) | GC: 0.0ms)


Started GET "/poster.jpg" for ::1 at 2026-04-17 14:24:07 +0500
  
ActionController::RoutingError (No route matches [GET] "/poster.jpg"):
  
Started GET "/discover" for ::1 at 2026-04-17 14:24:54 +0500
Processing by PortfolioController#discover as HTML
  Rendering layout layouts/application.html.erb
  Rendering portfolio/discover.html.erb within layouts/application
  Rendered portfolio/discover.html.erb within layouts/application (Duration: 2.4ms | GC: 0.0ms)
  Rendered layout layouts/application.html.erb (Duration: 8.0ms | GC: 0.0ms)
Completed 200 OK in 45ms (Views: 11.3ms | ActiveRecord: 0.0ms (0 queries, 0 cached) | GC: 0.0ms)


Started GET "/" for ::1 at 2026-04-17 14:28:54 +0500
Processing by PortfolioController#index as HTML
  Rendering layout layouts/application.html.erb
  Rendering portfolio/index.html.erb within layouts/application
  Rendered portfolio/index.html.erb within layouts/application (Duration: 1.5ms | GC: 0.0ms)
  Rendered layout layouts/application.html.erb (Duration: 4.6ms | GC: 0.0ms)
Completed 200 OK in 21ms (Views: 12.7ms | ActiveRecord: 0.0ms (0 queries, 0 cached) | GC: 0.0ms)


Started GET "/poster.jpg" for ::1 at 2026-04-17 14:28:54 +0500
  
ActionController::RoutingError (No route matches [GET] "/poster.jpg"):
  
Started GET "/discover" for ::1 at 2026-04-17 14:28:56 +0500
Processing by PortfolioController#discover as HTML
  Rendering layout layouts/application.html.erb
  Rendering portfolio/discover.html.erb within layouts/application
  Rendered portfolio/discover.html.erb within layouts/application (Duration: 0.8ms | GC: 0.0ms)
  Rendered layout layouts/application.html.erb (Duration: 2.8ms | GC: 0.0ms)
Completed 200 OK in 16ms (Views: 3.9ms | ActiveRecord: 0.0ms (0 queries, 0 cached) | GC: 0.0ms)


Started GET "/" for ::1 at 2026-04-17 14:29:11 +0500
Processing by PortfolioController#index as HTML
  Rendering layout layouts/application.html.erb
  Rendering portfolio/index.html.erb within layouts/application
  Rendered portfolio/index.html.erb within layouts/application (Duration: 2.6ms | GC: 0.0ms)
  Rendered layout layouts/application.html.erb (Duration: 7.2ms | GC: 0.0ms)
Completed 200 OK in 15ms (Views: 8.6ms | ActiveRecord: 0.0ms (0 queries, 0 cached) | GC: 0.0ms)


Started GET "/poster.jpg" for ::1 at 2026-04-17 14:29:12 +0500
  
ActionController::RoutingError (No route matches [GET] "/poster.jpg"):
  
